2018-07-20 10:38:29,941 CRIT Supervisor running as root (no user in config file)
2018-07-20 10:38:29,944 INFO supervisord started with pid 1
2018-07-20 10:38:30,949 INFO spawned: 'nginx' with pid 15
2018-07-20 10:38:30,950 INFO spawned: 'php-fpm' with pid 16
2018-07-20 10:38:31,982 INFO success: nginx entered RUNNING state, process has stayed up for > than 1 seconds (startsecs)
2018-07-20 10:38:31,982 INFO success: php-fpm entered RUNNING state, process has stayed up for > than 1 seconds (startsecs)
2018-07-20 10:46:27,497 WARN received SIGTERM indicating exit request
2018-07-20 10:46:27,498 INFO waiting for nginx, php-fpm to die
2018-07-20 10:46:27,501 INFO stopped: php-fpm (exit status 0)
2018-07-20 10:46:27,503 INFO stopped: nginx (exit status 0)
2018-07-20 10:46:28,707 CRIT Supervisor running as root (no user in config file)
2018-07-20 10:46:28,711 INFO supervisord started with pid 1
2018-07-20 10:46:29,715 INFO spawned: 'nginx' with pid 15
2018-07-20 10:46:29,716 INFO spawned: 'php-fpm' with pid 16
2018-07-20 10:46:30,750 INFO success: nginx entered RUNNING state, process has stayed up for > than 1 seconds (startsecs)
2018-07-20 10:46:30,750 INFO success: php-fpm entered RUNNING state, process has stayed up for > than 1 seconds (startsecs)
2018-07-20 11:03:05,400 WARN received SIGTERM indicating exit request
2018-07-20 11:03:05,400 INFO waiting for nginx, php-fpm to die
2018-07-20 11:03:05,404 INFO stopped: php-fpm (exit status 0)
2018-07-20 11:03:05,405 INFO stopped: nginx (exit status 0)
2018-07-20 11:03:06,529 CRIT Supervisor running as root (no user in config file)
2018-07-20 11:03:06,532 INFO supervisord started with pid 1
2018-07-20 11:03:07,535 INFO spawned: 'nginx' with pid 14
2018-07-20 11:03:07,537 INFO spawned: 'php-fpm' with pid 15
2018-07-20 11:03:08,571 INFO success: nginx entered RUNNING state, process has stayed up for > than 1 seconds (startsecs)
2018-07-20 11:03:08,571 INFO success: php-fpm entered RUNNING state, process has stayed up for > than 1 seconds (startsecs)
2018-07-20 11:04:59,290 WARN received SIGTERM indicating exit request
2018-07-20 11:04:59,291 INFO waiting for nginx, php-fpm to die
2018-07-20 11:04:59,294 INFO stopped: php-fpm (exit status 0)
2018-07-20 11:04:59,295 INFO stopped: nginx (exit status 0)
2018-07-20 11:05:00,377 CRIT Supervisor running as root (no user in config file)
2018-07-20 11:05:00,389 INFO supervisord started with pid 1
2018-07-20 11:05:01,392 INFO spawned: 'nginx' with pid 15
2018-07-20 11:05:01,394 INFO spawned: 'php-fpm' with pid 16
2018-07-20 11:05:02,428 INFO success: nginx entered RUNNING state, process has stayed up for > than 1 seconds (startsecs)
2018-07-20 11:05:02,428 INFO success: php-fpm entered RUNNING state, process has stayed up for > than 1 seconds (startsecs)
2018-07-20 11:50:10,432 WARN received SIGTERM indicating exit request
2018-07-20 11:50:10,432 INFO waiting for nginx, php-fpm to die
2018-07-20 11:50:10,436 INFO stopped: php-fpm (exit status 0)
2018-07-20 11:50:10,437 INFO stopped: nginx (exit status 0)
2018-07-20 11:50:11,714 CRIT Supervisor running as root (no user in config file)
2018-07-20 11:50:11,717 INFO supervisord started with pid 1
2018-07-20 11:50:12,720 INFO spawned: 'nginx' with pid 15
2018-07-20 11:50:12,721 INFO spawned: 'php-fpm' with pid 16
2018-07-20 11:50:13,752 INFO success: nginx entered RUNNING state, process has stayed up for > than 1 seconds (startsecs)
2018-07-20 11:50:13,752 INFO success: php-fpm entered RUNNING state, process has stayed up for > than 1 seconds (startsecs)
2018-07-20 11:52:43,332 WARN received SIGTERM indicating exit request
2018-07-20 11:52:43,333 INFO waiting for nginx, php-fpm to die
2018-07-20 11:52:43,336 INFO stopped: php-fpm (exit status 0)
2018-07-20 11:52:43,338 INFO stopped: nginx (exit status 0)
2018-07-20 11:52:44,580 CRIT Supervisor running as root (no user in config file)
2018-07-20 11:52:44,584 INFO supervisord started with pid 1
2018-07-20 11:52:45,592 INFO spawned: 'nginx' with pid 14
2018-07-20 11:52:45,593 INFO spawned: 'php-fpm' with pid 15
2018-07-20 11:52:46,625 INFO success: nginx entered RUNNING state, process has stayed up for > than 1 seconds (startsecs)
2018-07-20 11:52:46,625 INFO success: php-fpm entered RUNNING state, process has stayed up for > than 1 seconds (startsecs)
2018-07-20 11:53:38,324 WARN received SIGTERM indicating exit request
2018-07-20 11:53:38,325 INFO waiting for nginx, php-fpm to die
2018-07-20 11:53:38,329 INFO stopped: php-fpm (exit status 0)
2018-07-20 11:53:38,330 INFO stopped: nginx (exit status 0)
2018-07-20 11:53:39,441 CRIT Supervisor running as root (no user in config file)
2018-07-20 11:53:39,450 INFO supervisord started with pid 1
2018-07-20 11:53:40,454 INFO spawned: 'nginx' with pid 15
2018-07-20 11:53:40,456 INFO spawned: 'php-fpm' with pid 16
2018-07-20 11:53:41,484 INFO success: nginx entered RUNNING state, process has stayed up for > than 1 seconds (startsecs)
2018-07-20 11:53:41,484 INFO success: php-fpm entered RUNNING state, process has stayed up for > than 1 seconds (startsecs)
2018-07-20 11:55:37,740 WARN received SIGTERM indicating exit request
2018-07-20 11:55:37,741 INFO waiting for nginx, php-fpm to die
2018-07-20 11:55:37,744 INFO stopped: php-fpm (exit status 0)
2018-07-20 11:55:37,746 INFO stopped: nginx (exit status 0)
2018-07-20 11:55:38,956 CRIT Supervisor running as root (no user in config file)
2018-07-20 11:55:38,967 INFO supervisord started with pid 1
2018-07-20 11:55:39,971 INFO spawned: 'nginx' with pid 14
2018-07-20 11:55:39,972 INFO spawned: 'php-fpm' with pid 15
2018-07-20 11:55:41,003 INFO success: nginx entered RUNNING state, process has stayed up for > than 1 seconds (startsecs)
2018-07-20 11:55:41,003 INFO success: php-fpm entered RUNNING state, process has stayed up for > than 1 seconds (startsecs)
2018-07-20 12:07:58,860 WARN received SIGTERM indicating exit request
2018-07-20 12:07:58,861 INFO waiting for nginx, php-fpm to die
2018-07-20 12:07:58,865 INFO stopped: php-fpm (exit status 0)
2018-07-20 12:07:58,866 INFO stopped: nginx (exit status 0)
2018-07-20 12:08:00,122 CRIT Supervisor running as root (no user in config file)
2018-07-20 12:08:00,126 INFO supervisord started with pid 1
2018-07-20 12:08:01,128 INFO spawned: 'nginx' with pid 14
2018-07-20 12:08:01,130 INFO spawned: 'php-fpm' with pid 15
2018-07-20 12:08:03,024 INFO success: nginx entered RUNNING state, process has stayed up for > than 1 seconds (startsecs)
2018-07-20 12:08:03,024 INFO success: php-fpm entered RUNNING state, process has stayed up for > than 1 seconds (startsecs)
2018-07-20 13:02:32,915 WARN received SIGTERM indicating exit request
2018-07-20 13:02:32,916 INFO waiting for nginx, php-fpm to die
2018-07-20 13:02:32,919 INFO stopped: php-fpm (exit status 0)
2018-07-20 13:02:32,921 INFO stopped: nginx (exit status 0)
2018-07-20 13:02:34,124 CRIT Supervisor running as root (no user in config file)
2018-07-20 13:02:34,128 INFO supervisord started with pid 1
2018-07-20 13:02:35,131 INFO spawned: 'nginx' with pid 14
2018-07-20 13:02:35,133 INFO spawned: 'php-fpm' with pid 15
2018-07-20 13:02:36,167 INFO success: nginx entered RUNNING state, process has stayed up for > than 1 seconds (startsecs)
2018-07-20 13:02:36,167 INFO success: php-fpm entered RUNNING state, process has stayed up for > than 1 seconds (startsecs)
2018-07-20 16:37:29,231 CRIT Supervisor running as root (no user in config file)
2018-07-20 16:37:29,235 INFO supervisord started with pid 1
2018-07-20 16:37:30,238 INFO spawned: 'nginx' with pid 16
2018-07-20 16:37:30,239 INFO spawned: 'php-fpm' with pid 17
2018-07-20 16:37:31,273 INFO success: nginx entered RUNNING state, process has stayed up for > than 1 seconds (startsecs)
2018-07-20 16:37:31,273 INFO success: php-fpm entered RUNNING state, process has stayed up for > than 1 seconds (startsecs)
2018-07-20 16:42:02,574 WARN received SIGTERM indicating exit request
2018-07-20 16:42:02,575 INFO waiting for nginx, php-fpm to die
2018-07-20 16:42:02,579 INFO stopped: php-fpm (exit status 0)
2018-07-20 16:42:02,581 INFO stopped: nginx (exit status 0)
2018-07-20 16:42:03,964 CRIT Supervisor running as root (no user in config file)
2018-07-20 16:42:03,969 INFO supervisord started with pid 1
2018-07-20 16:42:04,971 INFO spawned: 'nginx' with pid 15
2018-07-20 16:42:04,973 INFO spawned: 'php-fpm' with pid 16
2018-07-20 16:42:06,007 INFO success: nginx entered RUNNING state, process has stayed up for > than 1 seconds (startsecs)
2018-07-20 16:42:06,007 INFO success: php-fpm entered RUNNING state, process has stayed up for > than 1 seconds (startsecs)
2018-07-23 09:25:40,809 WARN received SIGTERM indicating exit request
2018-07-23 09:25:40,810 INFO waiting for nginx, php-fpm to die
2018-07-23 09:25:40,814 INFO stopped: php-fpm (exit status 0)
2018-07-23 09:25:40,816 INFO stopped: nginx (exit status 0)
2018-07-23 09:38:07,761 CRIT Supervisor running as root (no user in config file)
2018-07-23 09:38:07,764 INFO supervisord started with pid 1
2018-07-23 09:38:08,767 INFO spawned: 'nginx' with pid 9
2018-07-23 09:38:08,770 INFO spawned: 'php-fpm' with pid 10
2018-07-23 09:38:09,802 INFO success: nginx entered RUNNING state, process has stayed up for > than 1 seconds (startsecs)
2018-07-23 09:38:09,803 INFO success: php-fpm entered RUNNING state, process has stayed up for > than 1 seconds (startsecs)
2018-07-23 09:40:06,882 WARN received SIGTERM indicating exit request
2018-07-23 09:40:06,883 INFO waiting for nginx, php-fpm to die
2018-07-23 09:40:06,888 INFO stopped: php-fpm (exit status 0)
2018-07-23 09:40:06,890 INFO stopped: nginx (exit status 0)
2018-07-23 09:40:12,678 CRIT Supervisor running as root (no user in config file)
2018-07-23 09:40:12,681 INFO supervisord started with pid 1
2018-07-23 09:40:13,687 INFO spawned: 'nginx' with pid 9
2018-07-23 09:40:13,689 INFO spawned: 'php-fpm' with pid 10
2018-07-23 09:40:14,725 INFO success: nginx entered RUNNING state, process has stayed up for > than 1 seconds (startsecs)
2018-07-23 09:40:14,725 INFO success: php-fpm entered RUNNING state, process has stayed up for > than 1 seconds (startsecs)
2018-07-23 09:41:09,763 WARN received SIGTERM indicating exit request
2018-07-23 09:41:09,763 INFO waiting for nginx, php-fpm to die
2018-07-23 09:41:09,769 INFO stopped: php-fpm (exit status 0)
2018-07-23 09:41:09,771 INFO stopped: nginx (exit status 0)
2018-07-23 09:41:13,160 CRIT Supervisor running as root (no user in config file)
2018-07-23 09:41:13,163 INFO supervisord started with pid 1
2018-07-23 09:41:14,167 INFO spawned: 'nginx' with pid 9
2018-07-23 09:41:14,168 INFO spawned: 'php-fpm' with pid 10
2018-07-23 09:41:15,200 INFO success: nginx entered RUNNING state, process has stayed up for > than 1 seconds (startsecs)
2018-07-23 09:41:15,201 INFO success: php-fpm entered RUNNING state, process has stayed up for > than 1 seconds (startsecs)
2018-07-23 09:55:08,618 WARN received SIGTERM indicating exit request
2018-07-23 09:55:08,620 INFO waiting for nginx, php-fpm to die
2018-07-23 09:55:08,625 INFO stopped: php-fpm (exit status 0)
2018-07-23 09:55:08,627 INFO stopped: nginx (exit status 0)
2018-07-25 09:10:06,749 WARN received SIGTERM indicating exit request
2018-07-25 09:10:06,755 INFO waiting for nginx, php-fpm to die
2018-07-25 09:10:06,812 INFO stopped: php-fpm (exit status 0)
2018-07-25 09:10:06,821 INFO stopped: nginx (exit status 0)
2018-08-08 11:09:28,936 CRIT Supervisor running as root (no user in config file)
2018-08-08 11:09:28,940 INFO supervisord started with pid 1
2018-08-08 11:09:29,944 INFO spawned: 'nginx' with pid 9
2018-08-08 11:09:29,947 INFO spawned: 'php-fpm' with pid 10
2018-08-08 11:09:31,211 INFO success: nginx entered RUNNING state, process has stayed up for > than 1 seconds (startsecs)
2018-08-08 11:09:31,211 INFO success: php-fpm entered RUNNING state, process has stayed up for > than 1 seconds (startsecs)
2018-08-08 11:15:30,201 WARN received SIGTERM indicating exit request
2018-08-08 11:15:30,202 INFO waiting for nginx, php-fpm to die
2018-08-08 11:15:30,215 INFO stopped: php-fpm (exit status 0)
2018-08-08 11:15:30,217 INFO stopped: nginx (exit status 0)
2018-08-08 11:15:31,287 CRIT Supervisor running as root (no user in config file)
2018-08-08 11:15:31,290 INFO supervisord started with pid 1
2018-08-08 11:15:32,292 INFO spawned: 'nginx' with pid 9
2018-08-08 11:15:32,294 INFO spawned: 'php-fpm' with pid 10
2018-08-08 11:15:33,327 INFO success: nginx entered RUNNING state, process has stayed up for > than 1 seconds (startsecs)
2018-08-08 11:15:33,327 INFO success: php-fpm entered RUNNING state, process has stayed up for > than 1 seconds (startsecs)
2018-08-08 11:16:01,468 WARN received SIGTERM indicating exit request
2018-08-08 11:16:01,469 INFO waiting for nginx, php-fpm to die
2018-08-08 11:16:01,472 INFO stopped: php-fpm (exit status 0)
2018-08-08 11:16:01,473 INFO stopped: nginx (exit status 0)
2018-08-08 11:16:02,702 CRIT Supervisor running as root (no user in config file)
2018-08-08 11:16:02,705 INFO supervisord started with pid 1
2018-08-08 11:16:03,708 INFO spawned: 'nginx' with pid 9
2018-08-08 11:16:03,711 INFO spawned: 'php-fpm' with pid 10
2018-08-08 11:16:05,471 INFO success: nginx entered RUNNING state, process has stayed up for > than 1 seconds (startsecs)
2018-08-08 11:16:05,471 INFO success: php-fpm entered RUNNING state, process has stayed up for > than 1 seconds (startsecs)
2018-08-08 11:19:32,661 WARN received SIGTERM indicating exit request
2018-08-08 11:19:32,662 INFO waiting for nginx, php-fpm to die
2018-08-08 11:19:32,666 INFO stopped: php-fpm (exit status 0)
2018-08-08 11:19:32,667 INFO stopped: nginx (exit status 0)
2018-08-08 11:19:33,809 CRIT Supervisor running as root (no user in config file)
2018-08-08 11:19:33,813 INFO supervisord started with pid 1
2018-08-08 11:19:34,815 INFO spawned: 'nginx' with pid 9
2018-08-08 11:19:34,816 INFO spawned: 'php-fpm' with pid 10
2018-08-08 11:19:35,846 INFO success: nginx entered RUNNING state, process has stayed up for > than 1 seconds (startsecs)
2018-08-08 11:19:35,847 INFO success: php-fpm entered RUNNING state, process has stayed up for > than 1 seconds (startsecs)
2018-08-08 11:20:04,296 WARN received SIGTERM indicating exit request
2018-08-08 11:20:04,297 INFO waiting for nginx, php-fpm to die
2018-08-08 11:20:04,300 INFO stopped: php-fpm (exit status 0)
2018-08-08 11:20:04,301 INFO stopped: nginx (exit status 0)
2018-08-08 11:20:05,474 CRIT Supervisor running as root (no user in config file)
2018-08-08 11:20:05,476 INFO supervisord started with pid 1
2018-08-08 11:20:06,478 INFO spawned: 'nginx' with pid 9
2018-08-08 11:20:06,479 INFO spawned: 'php-fpm' with pid 10
2018-08-08 11:20:07,513 INFO success: nginx entered RUNNING state, process has stayed up for > than 1 seconds (startsecs)
2018-08-08 11:20:07,513 INFO success: php-fpm entered RUNNING state, process has stayed up for > than 1 seconds (startsecs)
2018-08-08 12:28:57,825 WARN received SIGTERM indicating exit request
2018-08-08 12:28:57,826 INFO waiting for nginx, php-fpm to die
2018-08-08 12:28:57,829 INFO stopped: php-fpm (exit status 0)
2018-08-08 12:28:57,830 INFO stopped: nginx (exit status 0)
2018-08-08 12:29:08,034 CRIT Supervisor running as root (no user in config file)
2018-08-08 12:29:08,039 INFO supervisord started with pid 1
2018-08-08 12:29:09,042 INFO spawned: 'nginx' with pid 9
2018-08-08 12:29:09,044 INFO spawned: 'php-fpm' with pid 10
2018-08-08 12:29:10,078 INFO success: nginx entered RUNNING state, process has stayed up for > than 1 seconds (startsecs)
2018-08-08 12:29:10,078 INFO success: php-fpm entered RUNNING state, process has stayed up for > than 1 seconds (startsecs)
2018-08-08 12:31:29,230 WARN received SIGTERM indicating exit request
2018-08-08 12:31:29,231 INFO waiting for nginx, php-fpm to die
2018-08-08 12:31:29,237 INFO stopped: php-fpm (exit status 0)
2018-08-08 12:31:29,239 INFO stopped: nginx (exit status 0)
2018-08-08 12:31:53,282 CRIT Supervisor running as root (no user in config file)
2018-08-08 12:31:53,286 INFO supervisord started with pid 1
2018-08-08 12:31:54,288 INFO spawned: 'nginx' with pid 9
2018-08-08 12:31:54,291 INFO spawned: 'php-fpm' with pid 10
2018-08-08 12:31:55,323 INFO success: nginx entered RUNNING state, process has stayed up for > than 1 seconds (startsecs)
2018-08-08 12:31:55,323 INFO success: php-fpm entered RUNNING state, process has stayed up for > than 1 seconds (startsecs)
2018-09-04 11:34:56,498 CRIT Supervisor running as root (no user in config file)
2018-09-04 11:34:56,502 INFO supervisord started with pid 1
2018-09-04 11:34:57,506 INFO spawned: 'nginx' with pid 9
2018-09-04 11:34:57,510 INFO spawned: 'php-fpm' with pid 10
2018-09-04 11:34:58,545 INFO success: nginx entered RUNNING state, process has stayed up for > than 1 seconds (startsecs)
2018-09-04 11:34:58,545 INFO success: php-fpm entered RUNNING state, process has stayed up for > than 1 seconds (startsecs)
2018-09-04 11:38:41,998 WARN received SIGTERM indicating exit request
2018-09-04 11:38:41,999 INFO waiting for nginx, php-fpm to die
2018-09-04 11:38:42,003 INFO stopped: php-fpm (exit status 0)
2018-09-04 11:38:42,004 INFO stopped: nginx (exit status 0)
2018-09-04 11:38:43,256 CRIT Supervisor running as root (no user in config file)
2018-09-04 11:38:43,260 INFO supervisord started with pid 1
2018-09-04 11:38:44,262 INFO spawned: 'nginx' with pid 8
2018-09-04 11:38:44,265 INFO spawned: 'php-fpm' with pid 9
2018-09-04 11:38:45,305 INFO success: nginx entered RUNNING state, process has stayed up for > than 1 seconds (startsecs)
2018-09-04 11:38:45,305 INFO success: php-fpm entered RUNNING state, process has stayed up for > than 1 seconds (startsecs)
2018-11-08 16:11:23,100 CRIT Supervisor running as root (no user in config file)
2018-11-08 16:11:23,105 INFO supervisord started with pid 1
2018-11-08 16:11:24,108 INFO spawned: 'nginx' with pid 15
2018-11-08 16:11:24,109 INFO spawned: 'php-fpm' with pid 16
2018-11-08 16:11:25,145 INFO success: nginx entered RUNNING state, process has stayed up for > than 1 seconds (startsecs)
2018-11-08 16:11:25,145 INFO success: php-fpm entered RUNNING state, process has stayed up for > than 1 seconds (startsecs)
2018-11-08 16:52:06,740 CRIT Supervisor running as root (no user in config file)
2018-11-08 16:52:06,744 INFO supervisord started with pid 1
2018-11-08 16:52:07,746 INFO spawned: 'nginx' with pid 15
2018-11-08 16:52:07,746 INFO spawnerr: can't find command '/usr/local/sbin/php-fpm'
2018-11-08 16:52:08,750 INFO success: nginx entered RUNNING state, process has stayed up for > than 1 seconds (startsecs)
2018-11-08 16:52:08,750 INFO spawnerr: can't find command '/usr/local/sbin/php-fpm'
2018-11-08 16:52:10,753 INFO spawnerr: can't find command '/usr/local/sbin/php-fpm'
2018-11-08 16:52:13,762 INFO spawnerr: can't find command '/usr/local/sbin/php-fpm'
2018-11-08 16:52:17,771 INFO spawnerr: can't find command '/usr/local/sbin/php-fpm'
2018-11-08 16:52:22,778 INFO spawnerr: can't find command '/usr/local/sbin/php-fpm'
2018-11-08 16:52:22,778 INFO gave up: php-fpm entered FATAL state, too many start retries too quickly
2018-11-08 17:11:02,709 WARN received SIGTERM indicating exit request
2018-11-08 17:11:02,710 INFO waiting for nginx to die
2018-11-08 17:11:03,718 INFO stopped: nginx (exit status 0)
2018-11-08 17:11:09,472 CRIT Supervisor running as root (no user in config file)
2018-11-08 17:11:09,476 INFO supervisord started with pid 1
2018-11-08 17:11:10,478 INFO spawned: 'nginx' with pid 9
2018-11-08 17:11:10,479 INFO spawnerr: can't find command '/usr/local/sbin/php-fpm'
2018-11-08 17:11:11,481 INFO success: nginx entered RUNNING state, process has stayed up for > than 1 seconds (startsecs)
2018-11-08 17:11:11,481 INFO spawnerr: can't find command '/usr/local/sbin/php-fpm'
2018-11-08 17:11:13,484 INFO spawnerr: can't find command '/usr/local/sbin/php-fpm'
2018-11-08 17:11:16,489 INFO spawnerr: can't find command '/usr/local/sbin/php-fpm'
2018-11-08 17:11:20,496 INFO spawnerr: can't find command '/usr/local/sbin/php-fpm'
2018-11-08 17:11:25,502 INFO spawnerr: can't find command '/usr/local/sbin/php-fpm'
2018-11-08 17:11:25,503 INFO gave up: php-fpm entered FATAL state, too many start retries too quickly
2018-11-08 17:14:04,795 WARN received SIGTERM indicating exit request
2018-11-08 17:14:04,796 INFO waiting for nginx to die
2018-11-08 17:14:05,799 INFO stopped: nginx (exit status 0)
2018-11-08 17:14:11,341 CRIT Supervisor running as root (no user in config file)
2018-11-08 17:14:11,345 INFO supervisord started with pid 1
2018-11-08 17:14:12,346 INFO spawned: 'nginx' with pid 9
2018-11-08 17:14:12,347 INFO spawnerr: can't find command '/usr/local/sbin/php-fpm'
2018-11-08 17:14:13,349 INFO success: nginx entered RUNNING state, process has stayed up for > than 1 seconds (startsecs)
2018-11-08 17:14:13,349 INFO spawnerr: can't find command '/usr/local/sbin/php-fpm'
2018-11-08 17:14:15,353 INFO spawnerr: can't find command '/usr/local/sbin/php-fpm'
2018-11-08 17:14:18,358 INFO spawnerr: can't find command '/usr/local/sbin/php-fpm'
2018-11-08 17:14:22,365 INFO spawnerr: can't find command '/usr/local/sbin/php-fpm'
2018-11-08 17:14:27,375 INFO spawnerr: can't find command '/usr/local/sbin/php-fpm'
2018-11-08 17:14:27,376 INFO gave up: php-fpm entered FATAL state, too many start retries too quickly
2018-11-08 17:22:17,184 WARN received SIGTERM indicating exit request
2018-11-08 17:22:17,184 INFO waiting for nginx to die
2018-11-08 17:22:18,187 INFO stopped: nginx (exit status 0)
2018-11-08 17:22:23,761 CRIT Supervisor running as root (no user in config file)
2018-11-08 17:22:23,764 INFO supervisord started with pid 1
2018-11-08 17:22:24,767 INFO spawned: 'nginx' with pid 9
2018-11-08 17:22:24,768 INFO spawned: 'node-app' with pid 10
2018-11-08 17:22:25,836 INFO success: nginx entered RUNNING state, process has stayed up for > than 1 seconds (startsecs)
2018-11-08 17:22:25,836 INFO success: node-app entered RUNNING state, process has stayed up for > than 1 seconds (startsecs)
2018-11-08 17:29:54,912 WARN received SIGTERM indicating exit request
2018-11-08 17:29:54,913 INFO waiting for nginx, node-app to die
2018-11-08 17:29:54,914 INFO stopped: node-app (terminated by SIGTERM)
2018-11-08 17:29:54,916 INFO stopped: nginx (exit status 0)
2018-11-08 17:30:03,516 CRIT Supervisor running as root (no user in config file)
2018-11-08 17:30:03,519 INFO supervisord started with pid 1
2018-11-08 17:30:04,521 INFO spawned: 'nginx' with pid 9
2018-11-08 17:30:04,522 INFO spawnerr: can't find command 'node'
2018-11-08 17:30:05,524 INFO success: nginx entered RUNNING state, process has stayed up for > than 1 seconds (startsecs)
2018-11-08 17:30:05,524 INFO spawnerr: can't find command 'node'
2018-11-08 17:30:07,528 INFO spawnerr: can't find command 'node'
2018-11-08 17:30:10,978 INFO spawnerr: can't find command 'node'
2018-11-08 17:30:14,989 INFO spawnerr: can't find command 'node'
2018-11-08 17:30:20,000 INFO spawnerr: can't find command 'node'
2018-11-08 17:30:20,000 INFO gave up: node-app entered FATAL state, too many start retries too quickly
2018-11-08 17:30:30,143 WARN received SIGTERM indicating exit request
2018-11-08 17:30:30,143 INFO waiting for nginx to die
2018-11-08 17:30:31,146 INFO stopped: nginx (exit status 0)
2018-11-08 17:30:37,370 CRIT Supervisor running as root (no user in config file)
2018-11-08 17:30:37,374 INFO supervisord started with pid 1
2018-11-08 17:30:38,377 INFO spawned: 'nginx' with pid 9
2018-11-08 17:30:38,377 INFO spawnerr: can't find command 'node'
2018-11-08 17:30:39,380 INFO success: nginx entered RUNNING state, process has stayed up for > than 1 seconds (startsecs)
2018-11-08 17:30:39,380 INFO spawnerr: can't find command 'node'
2018-11-08 17:30:42,197 INFO spawnerr: can't find command 'node'
2018-11-08 17:30:45,600 INFO spawnerr: can't find command 'node'
2018-11-08 17:30:49,613 INFO spawnerr: can't find command 'node'
2018-11-08 17:30:53,500 WARN received SIGTERM indicating exit request
2018-11-08 17:30:53,500 INFO waiting for nginx to die
2018-11-08 17:30:54,505 INFO stopped: nginx (exit status 0)
2018-11-08 17:30:59,719 CRIT Supervisor running as root (no user in config file)
2018-11-08 17:30:59,723 INFO supervisord started with pid 1
2018-11-08 17:31:00,726 INFO spawned: 'nginx' with pid 9
2018-11-08 17:31:00,727 INFO spawnerr: can't find command 'node'
2018-11-08 17:31:01,729 INFO success: nginx entered RUNNING state, process has stayed up for > than 1 seconds (startsecs)
2018-11-08 17:31:01,730 INFO spawnerr: can't find command 'node'
2018-11-08 17:31:03,732 INFO spawnerr: can't find command 'node'
2018-11-08 17:31:06,740 INFO spawnerr: can't find command 'node'
2018-11-08 17:31:10,744 INFO spawnerr: can't find command 'node'
2018-11-08 17:31:15,756 INFO spawnerr: can't find command 'node'
2018-11-08 17:31:15,756 INFO gave up: node-app entered FATAL state, too many start retries too quickly
2018-11-08 17:31:18,531 WARN received SIGTERM indicating exit request
2018-11-08 17:31:18,531 INFO waiting for nginx to die
2018-11-08 17:31:19,534 INFO stopped: nginx (exit status 0)
2018-11-08 17:31:52,130 CRIT Supervisor running as root (no user in config file)
2018-11-08 17:31:52,134 INFO supervisord started with pid 1
2018-11-08 17:31:53,136 INFO spawned: 'nginx' with pid 9
2018-11-08 17:31:53,139 INFO spawnerr: can't find command 'node'
2018-11-08 17:31:54,139 INFO success: nginx entered RUNNING state, process has stayed up for > than 1 seconds (startsecs)
2018-11-08 17:31:54,140 INFO spawnerr: can't find command 'node'
2018-11-08 17:31:56,148 INFO spawnerr: can't find command 'node'
2018-11-08 17:31:59,159 INFO spawnerr: can't find command 'node'
2018-11-08 17:32:01,994 WARN received SIGTERM indicating exit request
2018-11-08 17:32:01,994 INFO waiting for nginx to die
2018-11-08 17:32:02,999 INFO stopped: nginx (exit status 0)
2018-11-08 17:33:19,556 CRIT Supervisor running as root (no user in config file)
2018-11-08 17:33:19,560 INFO supervisord started with pid 1
2018-11-08 17:33:20,563 INFO spawned: 'nginx' with pid 8
2018-11-08 17:33:20,564 INFO spawnerr: can't find command 'node'
2018-11-08 17:33:21,569 INFO success: nginx entered RUNNING state, process has stayed up for > than 1 seconds (startsecs)
2018-11-08 17:33:21,569 INFO spawnerr: can't find command 'node'
2018-11-08 17:33:23,578 INFO spawnerr: can't find command 'node'
2018-11-08 17:33:25,153 WARN received SIGTERM indicating exit request
2018-11-08 17:33:25,154 INFO waiting for nginx to die
2018-11-08 17:33:26,158 INFO stopped: nginx (exit status 0)
2018-11-08 17:33:31,534 CRIT Supervisor running as root (no user in config file)
2018-11-08 17:33:31,537 INFO supervisord started with pid 1
2018-11-08 17:33:32,543 INFO spawned: 'nginx' with pid 8
2018-11-08 17:33:32,544 INFO spawnerr: can't find command 'node'
2018-11-08 17:33:33,546 INFO success: nginx entered RUNNING state, process has stayed up for > than 1 seconds (startsecs)
2018-11-08 17:33:33,547 INFO spawnerr: can't find command 'node'
2018-11-08 17:33:35,556 INFO spawnerr: can't find command 'node'
2018-11-08 17:33:38,561 INFO spawnerr: can't find command 'node'
2018-11-08 17:33:42,567 INFO spawnerr: can't find command 'node'
2018-11-08 17:33:47,583 INFO spawnerr: can't find command 'node'
2018-11-08 17:33:47,584 INFO gave up: node-app entered FATAL state, too many start retries too quickly
2018-11-08 17:34:41,352 WARN received SIGTERM indicating exit request
2018-11-08 17:34:41,353 INFO waiting for nginx to die
2018-11-08 17:34:42,356 INFO stopped: nginx (exit status 0)
2018-11-08 17:34:48,558 CRIT Supervisor running as root (no user in config file)
2018-11-08 17:34:48,560 INFO supervisord started with pid 1
2018-11-08 17:34:49,563 INFO spawned: 'nginx' with pid 9
2018-11-08 17:34:49,564 INFO spawned: 'node-app' with pid 10
